<?xml version="1.0" encoding="UTF-8"?>
<!-- Generated by org.testng.reporters.JUnitXMLReporter -->
<testsuite ignored="0" hostname="Rajesh" failures="1" tests="1" name="test" time="35.664" errors="0" timestamp="2024-05-20T22:27:08 IST">
  <testcase classname="askmeoffers.NaukriResume" name="updateResume" time="35.581">
    <failure type="com.microsoft.playwright.TimeoutError" message="Error {
  message=&amp;apos;Timeout 30000ms exceeded.
  name=&amp;apos;TimeoutError
  stack=&amp;apos;TimeoutError: Timeout 30000ms exceeded.
    at ProgressController.run (C:\Users\rajin\AppData\Local\Temp\playwright-java-178164915103504464\package\lib\server\progress.js:78:26)
    at Frame.click (C:\Users\rajin\AppData\Local\Temp\playwright-java-178164915103504464\package\lib\server\frames.js:1001:23)
    at FrameDispatcher.click (C:\Users\rajin\AppData\Local\Temp\playwright-java-178164915103504464\package\lib\server\dispatchers\frameDispatcher.js:158:30)
    at FrameDispatcher._handleCommand (C:\Users\rajin\AppData\Local\Temp\playwright-java-178164915103504464\package\lib\server\dispatchers\dispatcher.js:94:40)
    at DispatcherConnection.dispatch (C:\Users\rajin\AppData\Local\Temp\playwright-java-178164915103504464\package\lib\server\dispatchers\dispatcher.js:361:39)
}
Call log:
- waiting for locator(&amp;quot;a#login_Layer&amp;quot;)
">
      <![CDATA[com.microsoft.playwright.TimeoutError: Error {
  message='Timeout 30000ms exceeded.
  name='TimeoutError
  stack='TimeoutError: Timeout 30000ms exceeded.
    at ProgressController.run (C:\Users\rajin\AppData\Local\Temp\playwright-java-178164915103504464\package\lib\server\progress.js:78:26)
    at Frame.click (C:\Users\rajin\AppData\Local\Temp\playwright-java-178164915103504464\package\lib\server\frames.js:1001:23)
    at FrameDispatcher.click (C:\Users\rajin\AppData\Local\Temp\playwright-java-178164915103504464\package\lib\server\dispatchers\frameDispatcher.js:158:30)
    at FrameDispatcher._handleCommand (C:\Users\rajin\AppData\Local\Temp\playwright-java-178164915103504464\package\lib\server\dispatchers\dispatcher.js:94:40)
    at DispatcherConnection.dispatch (C:\Users\rajin\AppData\Local\Temp\playwright-java-178164915103504464\package\lib\server\dispatchers\dispatcher.js:361:39)
}
Call log:
- waiting for locator("a#login_Layer")

at com.microsoft.playwright.impl.WaitableResult.get(WaitableResult.java:52)
at com.microsoft.playwright.impl.ChannelOwner.runUntil(ChannelOwner.java:120)
at com.microsoft.playwright.impl.Connection.sendMessage(Connection.java:130)
at com.microsoft.playwright.impl.ChannelOwner.sendMessage(ChannelOwner.java:106)
at com.microsoft.playwright.impl.FrameImpl.clickImpl(FrameImpl.java:252)
at com.microsoft.playwright.impl.FrameImpl.lambda$click$8(FrameImpl.java:243)
at com.microsoft.playwright.impl.LoggingSupport.lambda$withLogging$0(LoggingSupport.java:36)
at com.microsoft.playwright.impl.LoggingSupport.withLogging(LoggingSupport.java:47)
at com.microsoft.playwright.impl.ChannelOwner.withLogging(ChannelOwner.java:89)
at com.microsoft.playwright.impl.LoggingSupport.withLogging(LoggingSupport.java:35)
at com.microsoft.playwright.impl.FrameImpl.click(FrameImpl.java:243)
at com.microsoft.playwright.impl.LocatorImpl.click(LocatorImpl.java:160)
at com.microsoft.playwright.Locator.click(Locator.java:2460)
at askmeoffers.NaukriResume.updateResume(NaukriResume.java:24)
at java.base/java.util.ArrayList.forEach(ArrayList.java:1511)
Caused by: com.microsoft.playwright.TimeoutError: Error {
  message='Timeout 30000ms exceeded.
  name='TimeoutError
  stack='TimeoutError: Timeout 30000ms exceeded.
    at ProgressController.run (C:\Users\rajin\AppData\Local\Temp\playwright-java-178164915103504464\package\lib\server\progress.js:78:26)
    at Frame.click (C:\Users\rajin\AppData\Local\Temp\playwright-java-178164915103504464\package\lib\server\frames.js:1001:23)
    at FrameDispatcher.click (C:\Users\rajin\AppData\Local\Temp\playwright-java-178164915103504464\package\lib\server\dispatchers\frameDispatcher.js:158:30)
    at FrameDispatcher._handleCommand (C:\Users\rajin\AppData\Local\Temp\playwright-java-178164915103504464\package\lib\server\dispatchers\dispatcher.js:94:40)
    at DispatcherConnection.dispatch (C:\Users\rajin\AppData\Local\Temp\playwright-java-178164915103504464\package\lib\server\dispatchers\dispatcher.js:361:39)
}
Call log:
- waiting for locator("a#login_Layer")

at com.microsoft.playwright.impl.Connection.dispatch(Connection.java:254)
at com.microsoft.playwright.impl.Connection.processOneMessage(Connection.java:211)
at com.microsoft.playwright.impl.ChannelOwner.runUntil(ChannelOwner.java:118)
... 44 more
... Removed 31 stack frames]]>
    </failure>
  </testcase> <!-- updateResume -->
</testsuite> <!-- test -->
